ScanCodeModule/build/intermediates/manifest_merge_blame_file/debug/manifest-merger-blame-debug-report.txt
1<?xml version="1.0" encoding="utf-8"?>
2<manifest xmlns:android="http://schemas.android.com/apk/res/android"
3    package="com.vguang.vbarlib"
4    android:versionCode="1"
5    android:versionName="1.0" >
6
7    <uses-sdk
7-->src/main/AndroidManifest.xml:8:5-10:41
8        android:minSdkVersion="8"
8-->src/main/AndroidManifest.xml:9:9-34
9        android:targetSdkVersion="21" />
9-->src/main/AndroidManifest.xml:10:9-38
10
11    <!-- <application -->
12    <!-- android:allowBackup="true" -->
13    <!-- android:icon="@drawable/ic_launcher" -->
14    <!-- android:label="@string/app_name" -->
15    <!-- android:theme="@style/AppTheme" > -->
16    <!-- <activity -->
17    <!-- android:name=".MainActivity" -->
18    <!-- android:label="@string/app_name" > -->
19    <!-- <intent-filter> -->
20    <!-- <action android:name="android.intent.action.MAIN" /> -->
21
22
23    <!-- <category android:name="android.intent.category.LAUNCHER" /> -->
24    <!-- </intent-filter> -->
25    <!-- </activity> -->
26    <!-- </application> -->
27
28</manifest>